<?xml version="1.0" encoding="UTF-8"?>
<!-- Generated by org.testng.reporters.JUnitXMLReporter -->
<testsuite ignored="0" hostname="DESKTOP-U5SUVO0" failures="2" tests="2" name="Test" time="7.15" errors="0" timestamp="2024-03-27T13:04:28 IST">
  <testcase classname="FunctionalTestCases.LoginFuctinalTestCase_001_Test" name="validData" time="0.018">
    <failure type="java.lang.NoSuchMethodError" message="&amp;apos;void org.openqa.selenium.support.PageFactory.initElements(org.openqa.selenium.WebDriver, java.lang.Object)&amp;apos;">
      <![CDATA[java.lang.NoSuchMethodError: 'void org.openqa.selenium.support.PageFactory.initElements(org.openqa.selenium.WebDriver, java.lang.Object)'
at Pom.HomePagePom.<init>(HomePagePom.java:13)
at FunctionalTestCases.LoginFuctinalTestCase_001_Test.validData(LoginFuctinalTestCase_001_Test.java:51)
at java.base/java.util.ArrayList.forEach(ArrayList.java:1511)
... Removed 27 stack frames]]>
    </failure>
  </testcase> <!-- validData -->
  <testcase classname="FunctionalTestCases.LoginFuctinalTestCase_001_Test" name="validData" time="0.004">
    <failure type="java.lang.NoSuchMethodError" message="&amp;apos;void org.openqa.selenium.support.PageFactory.initElements(org.openqa.selenium.WebDriver, java.lang.Object)&amp;apos;">
      <![CDATA[java.lang.NoSuchMethodError: 'void org.openqa.selenium.support.PageFactory.initElements(org.openqa.selenium.WebDriver, java.lang.Object)'
at Pom.HomePagePom.<init>(HomePagePom.java:13)
at FunctionalTestCases.LoginFuctinalTestCase_001_Test.validData(LoginFuctinalTestCase_001_Test.java:51)
at java.base/java.util.ArrayList.forEach(ArrayList.java:1511)
... Removed 27 stack frames]]>
    </failure>
  </testcase> <!-- validData -->
</testsuite> <!-- Test -->
