<?xml version="1.0" encoding="UTF-8"?>
<!-- Generated by org.testng.reporters.JUnitXMLReporter -->
<testsuite ignored="0" hostname="DESKTOP-U5SUVO0" failures="0" tests="3" name="Test" time="61.501" errors="0" timestamp="2024-03-16T13:11:52 IST">
  <testcase classname="Util.LoginPage_Test" name="loginMethod" time="30.465"/>
  <testcase classname="Util.AddProductToTheCart_Test" name="addProductToTheCart" time="2.744"/>
  <testcase classname="Util.RemoveProductFromTheCart_Test" name="removeProductTotheCart" time="20.342"/>
</testsuite> <!-- Test -->
