<?xml version="1.0" encoding="UTF-8"?>
<!-- Generated by org.testng.reporters.JUnitXMLReporter -->
<testsuite ignored="0" hostname="DESKTOP-U5SUVO0" failures="1" tests="1" name="Test" time="12.342" errors="0" timestamp="2024-04-04T10:36:27 IST">
  <testcase classname="Util.LoginPage_Test" name="loginMethod" time="0.08">
    <failure type="java.lang.NoSuchMethodError" message="&amp;apos;void org.openqa.selenium.support.PageFactory.initElements(org.openqa.selenium.WebDriver, java.lang.Object)&amp;apos;">
      <![CDATA[java.lang.NoSuchMethodError: 'void org.openqa.selenium.support.PageFactory.initElements(org.openqa.selenium.WebDriver, java.lang.Object)'
at Pom.HomePagePom.<init>(HomePagePom.java:13)
at Util.LoginPage_Test.loginMethod(LoginPage_Test.java:37)
at java.base/java.util.ArrayList.forEach(ArrayList.java:1511)
... Removed 27 stack frames]]>
    </failure>
  </testcase> <!-- loginMethod -->
</testsuite> <!-- Test -->
